2024-07-30 SectionSteel.dll Ver2.0.2
添加了一个新的截面（对称变截面H型钢I_VAR_A）。
==================================================
2024-07-30 SectionSteel.dll Ver2.0.1
修复了一处BUG。
==================================================
2024-07-29 主程序Ver2.4.0; SectionSteel.dll Ver2.0.0;
项目名称更改为"SectionSteelCalculationTool"，比原先的"SteelStructureCalculationTool"更符合功能。
主程序和引用的dll文件均用C#重构，原先dll文件是单独的项目，现在做为子项目合并在同一下解决方案下。
主程序功能改进：
	1、可以对公式单元格生效。原先只对文本单元格处理，单元格内是公式的不处理，现在均可处理。
	2、点击生成按钮执行期间，生成按钮灰色不可用，执行完成恢复可用。此功能可提示是否完成执行，原先数据量大的时候，不确定是否执行完成，现在可以直观地观察到。
	3、添加了一个选项，可以开关程序是否保持在最上面。
SectionSteel.dll功能改进：
	添了大量Tekla Structures截面库的支持，极大提高效率。原先处理Tekla Structures截面库都要手动改写成常见的书写形式，现在不用了。而且由于用C#重构，以后要扩展也很方便。
==================================================
2023-10-19 Ver2.3.1
修复BUG：当只选择了一个单元格时，程序会对工作表内所有有数据的单元格进行操作
==================================================
2023-10-18 Ver2.3.0
优化执行效率：更快地跳过选择区域中无需处理的单元格，当选择区域很大时相当有效（比如：选择了整列，绝大部分均为空值，原来的版本会运行很久很久，会让人以为卡死了，现在不会）
==================================================
2023-03-02 Ver2.2.0
添加功能：根据指定的型钢规格，生成加劲肋的规格
==================================================
2022-06-30 Ver2.1.0
增加PI写法选项（PI()或3.14）
==================================================
2022-06-22 Ver2.0.0
用户界面与内核功能模块分离，用户界面只负责外部数据交互，内核功能模块由相应的DLL实现。